<?xml version="1.0" encoding="UTF-8"?>
<testsuite name="64: ESUP_ESB_USA_V990_01 vs. ESUP_ESB_USA_V990_02"
           tests="46"
           failures="0"
           errors="0"
           skipped="0"
           time="0.000">
  <properties />
  
  
            <testcase name="wMFix.SCGCommon.Core (/version)" time="0.000" classname="org.opencm.audit.assertion.property.PropertyTest" />
                <testcase name="wMFix.SCGCommon.Audit (/version)" time="0.000" classname="org.opencm.audit.assertion.property.PropertyTest" />
                <testcase name="wMFix.SCGCommon.LWQ (/version)" time="0.000" classname="org.opencm.audit.assertion.property.PropertyTest" />
                <testcase name="wMFix.SCGCommon.JDBCPools (/version)" time="0.000" classname="org.opencm.audit.assertion.property.PropertyTest" />
                <testcase name="wMFix.WmMonitor (/version)" time="0.000" classname="org.opencm.audit.assertion.property.PropertyTest" />
                <testcase name="wMFix.optimize (/version)" time="0.000" classname="org.opencm.audit.assertion.property.PropertyTest" />
                <testcase name="wMFix.SJP.Java64.W64 (/version)" time="0.000" classname="org.opencm.audit.assertion.property.PropertyTest" />
                <testcase name="wMFix.TES (/version)" time="0.000" classname="org.opencm.audit.assertion.property.PropertyTest" />
                <testcase name="wMFix.EDA.NERV (/version)" time="0.000" classname="org.opencm.audit.assertion.property.PropertyTest" />
                <testcase name="wMFix.SDIntrospect (/version)" time="0.000" classname="org.opencm.audit.assertion.property.PropertyTest" />
                <testcase name="wMFix.SPMShared (/version)" time="0.000" classname="org.opencm.audit.assertion.property.PropertyTest" />
                <testcase name="wMFix.CentraSite.SharedLibs (/version)" time="0.000" classname="org.opencm.audit.assertion.property.PropertyTest" />
                <testcase name="wMFix.TESCommon (/version)" time="0.000" classname="org.opencm.audit.assertion.property.PropertyTest" />
                <testcase name="wMFix.WmSAP (/version)" time="0.000" classname="org.opencm.audit.assertion.property.PropertyTest" />
                <testcase name="wMFix.WSS (/version)" time="0.000" classname="org.opencm.audit.assertion.property.PropertyTest" />
                <testcase name="wMFix.TPSddj (/version)" time="0.000" classname="org.opencm.audit.assertion.property.PropertyTest" />
                <testcase name="wMFix.optimize.fix.glue (/version)" time="0.000" classname="org.opencm.audit.assertion.property.PropertyTest" />
                <testcase name="wMFix.OSGI.Agent (/version)" time="0.000" classname="org.opencm.audit.assertion.property.PropertyTest" />
                <testcase name="wMFix.SPM (/version)" time="0.000" classname="org.opencm.audit.assertion.property.PropertyTest" />
                <testcase name="wMFix.SCGCommon.ISMigrationFramework (/version)" time="0.000" classname="org.opencm.audit.assertion.property.PropertyTest" />
                <testcase name="wMFix.integrationServer.SPM (/version)" time="0.000" classname="org.opencm.audit.assertion.property.PropertyTest" />
                <testcase name="wMFix.SCGCommon.MWS (/version)" time="0.000" classname="org.opencm.audit.assertion.property.PropertyTest" />
                <testcase name="wMFix.TPP.Derby (/version)" time="0.000" classname="org.opencm.audit.assertion.property.PropertyTest" />
                <testcase name="wMFix.NUMClient.CommonLibraries (/version)" time="0.000" classname="org.opencm.audit.assertion.property.PropertyTest" />
                <testcase name="wMFix.SUMApi (/version)" time="0.000" classname="org.opencm.audit.assertion.property.PropertyTest" />
                <testcase name="wMFix.NUMEnterpriseManager (/version)" time="0.000" classname="org.opencm.audit.assertion.property.PropertyTest" />
                <testcase name="wMFix.TPP.ApacheCommons (/version)" time="0.000" classname="org.opencm.audit.assertion.property.PropertyTest" />
                <testcase name="wMFix.TPS.ApacheCommons (/version)" time="0.000" classname="org.opencm.audit.assertion.property.PropertyTest" />
                <testcase name="wMFix.OSGI.Platform (/version)" time="0.000" classname="org.opencm.audit.assertion.property.PropertyTest" />
                <testcase name="wMFix.jdbcAdapter (/version)" time="0.000" classname="org.opencm.audit.assertion.property.PropertyTest" />
                <testcase name="wMFix.NUMDeployer (/version)" time="0.000" classname="org.opencm.audit.assertion.property.PropertyTest" />
                <testcase name="wMFix.DatabaseScripts (/version)" time="0.000" classname="org.opencm.audit.assertion.property.PropertyTest" />
                <testcase name="wMFix.SCGCommon.Cluster (/version)" time="0.000" classname="org.opencm.audit.assertion.property.PropertyTest" />
                <testcase name="wMFix.integrationServer.Core (/version)" time="0.000" classname="org.opencm.audit.assertion.property.PropertyTest" />
                <testcase name="5255165_PIE-43793 (/version)" time="0.000" classname="org.opencm.audit.assertion.property.PropertyTest" />
                <testcase name="wMFix.ALL.SIN (/version)" time="0.000" classname="org.opencm.audit.assertion.property.PropertyTest" />
                <testcase name="wMFix.TPS.XMLTools (/version)" time="0.000" classname="org.opencm.audit.assertion.property.PropertyTest" />
                <testcase name="wMFix.NUMRepository.SharedBundles (/version)" time="0.000" classname="org.opencm.audit.assertion.property.PropertyTest" />
                <testcase name="wMFix.EVS (/version)" time="0.000" classname="org.opencm.audit.assertion.property.PropertyTest" />
                <testcase name="wMFix.TESOSGi (/version)" time="0.000" classname="org.opencm.audit.assertion.property.PropertyTest" />
                <testcase name="wMFix.Deployer (/version)" time="0.000" classname="org.opencm.audit.assertion.property.PropertyTest" />
                <testcase name="wMFix.SDRepository (/version)" time="0.000" classname="org.opencm.audit.assertion.property.PropertyTest" />
                <testcase name="wMFix.SCGCommon.Security (/version)" time="0.000" classname="org.opencm.audit.assertion.property.PropertyTest" />
                <testcase name="wMFix.EntireXSPM (/version)" time="0.000" classname="org.opencm.audit.assertion.property.PropertyTest" />
                <testcase name="wMFix.wmprt (/version)" time="0.000" classname="org.opencm.audit.assertion.property.PropertyTest" />
                <testcase name="wMFix.SCGCommon.TPL (/version)" time="0.000" classname="org.opencm.audit.assertion.property.PropertyTest" />
      
</testsuite>
