<?xml version="1.0" encoding="UTF-8"?>
<testsuite name="1: LOCAL_ADM_IS_V101_01 vs. LOCAL_ADM_IS_V101_01"
           tests="190"
           failures="8"
           errors="0"
           skipped="0"
           time="0.015">
  <properties />
            <testcase name="assertInstance" time="0.011" classname="org.opencm.audit.assertion.instance.InstanceTest">
                <failure type="java.lang.AssertionError"
                  message="expected [integrationServer-default.ABSENT] but found [integrationServer-default.COMMON-VARS-WXCM_MASTER_PASSWORD]"
              >
<![CDATA[java.lang.AssertionError: expected [integrationServer-default.ABSENT] but found [integrationServer-default.COMMON-VARS-WXCM_MASTER_PASSWORD]
  org.testng.Assert.fail(Assert.java:96)
  org.testng.Assert.failNotEquals(Assert.java:779)
  org.testng.Assert.assertEqualsImpl(Assert.java:137)
  org.testng.Assert.assertEquals(Assert.java:118)
  org.testng.Assert.assertEquals(Assert.java:456)
  org.testng.Assert.assertEquals(Assert.java:466)
  org.opencm.audit.assertion.instance.InstanceTest.assertInstance(InstanceTest.java:60)
  sun.reflect.GeneratedMethodAccessor3919.invoke(Unknown Source)
  sun.reflect.DelegatingMethodAccessorImpl.invoke(DelegatingMethodAccessorImpl.java:43)
  java.lang.reflect.Method.invoke(Method.java:498)
  org.testng.internal.MethodInvocationHelper.invokeMethod(MethodInvocationHelper.java:108)
  org.testng.internal.Invoker.invokeMethod(Invoker.java:669)
  org.testng.internal.Invoker.invokeTestMethod(Invoker.java:877)
  org.testng.internal.Invoker.invokeTestMethods(Invoker.java:1201)
  org.testng.internal.TestMethodWorker.invokeTestMethods(TestMethodWorker.java:124)
  org.testng.internal.TestMethodWorker.run(TestMethodWorker.java:109)
  org.testng.TestRunner.privateRun(TestRunner.java:772)
  org.testng.TestRunner.run(TestRunner.java:630)
  org.testng.SuiteRunner.runTest(SuiteRunner.java:419)
  org.testng.SuiteRunner.runSequentially(SuiteRunner.java:414)
  org.testng.SuiteRunner.privateRun(SuiteRunner.java:379)
  org.testng.SuiteRunner.run(SuiteRunner.java:328)
  org.testng.SuiteRunnerWorker.runSuite(SuiteRunnerWorker.java:52)
  org.testng.SuiteRunnerWorker.run(SuiteRunnerWorker.java:86)
  org.testng.TestNG.runSuitesSequentially(TestNG.java:1318)
  org.testng.TestNG.runSuitesLocally(TestNG.java:1243)
  org.testng.TestNG.runSuites(TestNG.java:1161)
  org.testng.TestNG.run(TestNG.java:1129)
  OpenCM.priv.twoNodeAudit.baseline(twoNodeAudit.java:504)
  sun.reflect.NativeMethodAccessorImpl.invoke0(Native Method)
  sun.reflect.NativeMethodAccessorImpl.invoke(NativeMethodAccessorImpl.java:62)
  sun.reflect.DelegatingMethodAccessorImpl.invoke(DelegatingMethodAccessorImpl.java:43)
  java.lang.reflect.Method.invoke(Method.java:498)
  com.wm.app.b2b.server.JavaService.baseInvoke(JavaService.java:404)
  com.wm.app.b2b.server.invoke.InvokeManager.process(InvokeManager.java:668)
  com.wm.app.b2b.server.util.tspace.ReservationProcessor.process(ReservationProcessor.java:39)
  com.wm.app.b2b.server.invoke.StatisticsProcessor.process(StatisticsProcessor.java:49)
  com.wm.app.b2b.server.invoke.ServiceCompletionImpl.process(ServiceCompletionImpl.java:243)
  com.wm.app.b2b.server.invoke.ValidateProcessor.process(ValidateProcessor.java:49)
  com.wm.app.b2b.server.invoke.PipelineProcessor.process(PipelineProcessor.java:171)
  com.wm.app.b2b.server.ACLManager.process(ACLManager.java:299)
  com.wm.app.b2b.server.invoke.DispatchProcessor.process(DispatchProcessor.java:34)
  com.wm.app.b2b.server.AuditLogManager.process(AuditLogManager.java:377)
  com.wm.app.b2b.server.invoke.InvokeManager.invoke(InvokeManager.java:567)
  com.wm.app.b2b.server.invoke.InvokeManager.invoke(InvokeManager.java:384)
  com.wm.app.b2b.server.ServiceManager.invoke(ServiceManager.java:239)
  com.wm.app.b2b.server.BaseService.invoke(BaseService.java:246)
  com.wm.lang.flow.FlowInvoke.invoke(FlowInvoke.java:257)
  com.wm.lang.flow.FlowState.invokeNode(FlowState.java:535)
  com.wm.lang.flow.FlowState.step(FlowState.java:401)
  com.wm.lang.flow.FlowState.invoke(FlowState.java:372)
  com.wm.app.b2b.server.FlowSvcImpl.baseInvoke(FlowSvcImpl.java:1132)
  com.wm.app.b2b.server.invoke.InvokeManager.process(InvokeManager.java:668)
  com.wm.app.b2b.server.util.tspace.ReservationProcessor.process(ReservationProcessor.java:39)
  com.wm.app.b2b.server.invoke.StatisticsProcessor.process(StatisticsProcessor.java:49)
  com.wm.app.b2b.server.invoke.ServiceCompletionImpl.process(ServiceCompletionImpl.java:243)
  com.wm.app.b2b.server.invoke.ValidateProcessor.process(ValidateProcessor.java:49)
  com.wm.app.b2b.server.invoke.PipelineProcessor.process(PipelineProcessor.java:171)
  com.wm.app.b2b.server.ACLManager.process(ACLManager.java:299)
  com.wm.app.b2b.server.invoke.DispatchProcessor.process(DispatchProcessor.java:34)
  com.wm.app.b2b.server.AuditLogManager.process(AuditLogManager.java:377)
  com.wm.app.b2b.server.invoke.InvokeManager.invoke(InvokeManager.java:567)
  com.wm.app.b2b.server.invoke.InvokeManager.invoke(InvokeManager.java:342)
  com.wm.app.b2b.server.dispatcher.trigger.Trigger.invokeService(Trigger.java:564)
  com.wm.app.b2b.server.dispatcher.trigger.Trigger.processMessage(Trigger.java:462)
  com.wm.app.b2b.server.dispatcher.trigger.DefaultTriggerTaskHelper.process(DefaultTriggerTaskHelper.java:255)
  com.wm.app.b2b.server.dispatcher.trigger.TriggerTask.run(TriggerTask.java:307)
  com.wm.util.pool.PooledThread.run(PooledThread.java:127)
  java.lang.Thread.run(Thread.java:748)
]]>
      </failure>

          </testcase>
            <testcase name="assertInstance" time="0.000" classname="org.opencm.audit.assertion.instance.InstanceTest">
                <failure type="java.lang.AssertionError"
                  message="expected [integrationServer-default.COMMON-LOCAL-USERS-opencm] but found [integrationServer-default.ABSENT]"
              >
<![CDATA[java.lang.AssertionError: expected [integrationServer-default.COMMON-LOCAL-USERS-opencm] but found [integrationServer-default.ABSENT]
  org.testng.Assert.fail(Assert.java:96)
  org.testng.Assert.failNotEquals(Assert.java:779)
  org.testng.Assert.assertEqualsImpl(Assert.java:137)
  org.testng.Assert.assertEquals(Assert.java:118)
  org.testng.Assert.assertEquals(Assert.java:456)
  org.testng.Assert.assertEquals(Assert.java:466)
  org.opencm.audit.assertion.instance.InstanceTest.assertInstance(InstanceTest.java:60)
  sun.reflect.GeneratedMethodAccessor3919.invoke(Unknown Source)
  sun.reflect.DelegatingMethodAccessorImpl.invoke(DelegatingMethodAccessorImpl.java:43)
  java.lang.reflect.Method.invoke(Method.java:498)
  org.testng.internal.MethodInvocationHelper.invokeMethod(MethodInvocationHelper.java:108)
  org.testng.internal.Invoker.invokeMethod(Invoker.java:669)
  org.testng.internal.Invoker.invokeTestMethod(Invoker.java:877)
  org.testng.internal.Invoker.invokeTestMethods(Invoker.java:1201)
  org.testng.internal.TestMethodWorker.invokeTestMethods(TestMethodWorker.java:124)
  org.testng.internal.TestMethodWorker.run(TestMethodWorker.java:109)
  org.testng.TestRunner.privateRun(TestRunner.java:772)
  org.testng.TestRunner.run(TestRunner.java:630)
  org.testng.SuiteRunner.runTest(SuiteRunner.java:419)
  org.testng.SuiteRunner.runSequentially(SuiteRunner.java:414)
  org.testng.SuiteRunner.privateRun(SuiteRunner.java:379)
  org.testng.SuiteRunner.run(SuiteRunner.java:328)
  org.testng.SuiteRunnerWorker.runSuite(SuiteRunnerWorker.java:52)
  org.testng.SuiteRunnerWorker.run(SuiteRunnerWorker.java:86)
  org.testng.TestNG.runSuitesSequentially(TestNG.java:1318)
  org.testng.TestNG.runSuitesLocally(TestNG.java:1243)
  org.testng.TestNG.runSuites(TestNG.java:1161)
  org.testng.TestNG.run(TestNG.java:1129)
  OpenCM.priv.twoNodeAudit.baseline(twoNodeAudit.java:504)
  sun.reflect.NativeMethodAccessorImpl.invoke0(Native Method)
  sun.reflect.NativeMethodAccessorImpl.invoke(NativeMethodAccessorImpl.java:62)
  sun.reflect.DelegatingMethodAccessorImpl.invoke(DelegatingMethodAccessorImpl.java:43)
  java.lang.reflect.Method.invoke(Method.java:498)
  com.wm.app.b2b.server.JavaService.baseInvoke(JavaService.java:404)
  com.wm.app.b2b.server.invoke.InvokeManager.process(InvokeManager.java:668)
  com.wm.app.b2b.server.util.tspace.ReservationProcessor.process(ReservationProcessor.java:39)
  com.wm.app.b2b.server.invoke.StatisticsProcessor.process(StatisticsProcessor.java:49)
  com.wm.app.b2b.server.invoke.ServiceCompletionImpl.process(ServiceCompletionImpl.java:243)
  com.wm.app.b2b.server.invoke.ValidateProcessor.process(ValidateProcessor.java:49)
  com.wm.app.b2b.server.invoke.PipelineProcessor.process(PipelineProcessor.java:171)
  com.wm.app.b2b.server.ACLManager.process(ACLManager.java:299)
  com.wm.app.b2b.server.invoke.DispatchProcessor.process(DispatchProcessor.java:34)
  com.wm.app.b2b.server.AuditLogManager.process(AuditLogManager.java:377)
  com.wm.app.b2b.server.invoke.InvokeManager.invoke(InvokeManager.java:567)
  com.wm.app.b2b.server.invoke.InvokeManager.invoke(InvokeManager.java:384)
  com.wm.app.b2b.server.ServiceManager.invoke(ServiceManager.java:239)
  com.wm.app.b2b.server.BaseService.invoke(BaseService.java:246)
  com.wm.lang.flow.FlowInvoke.invoke(FlowInvoke.java:257)
  com.wm.lang.flow.FlowState.invokeNode(FlowState.java:535)
  com.wm.lang.flow.FlowState.step(FlowState.java:401)
  com.wm.lang.flow.FlowState.invoke(FlowState.java:372)
  com.wm.app.b2b.server.FlowSvcImpl.baseInvoke(FlowSvcImpl.java:1132)
  com.wm.app.b2b.server.invoke.InvokeManager.process(InvokeManager.java:668)
  com.wm.app.b2b.server.util.tspace.ReservationProcessor.process(ReservationProcessor.java:39)
  com.wm.app.b2b.server.invoke.StatisticsProcessor.process(StatisticsProcessor.java:49)
  com.wm.app.b2b.server.invoke.ServiceCompletionImpl.process(ServiceCompletionImpl.java:243)
  com.wm.app.b2b.server.invoke.ValidateProcessor.process(ValidateProcessor.java:49)
  com.wm.app.b2b.server.invoke.PipelineProcessor.process(PipelineProcessor.java:171)
  com.wm.app.b2b.server.ACLManager.process(ACLManager.java:299)
  com.wm.app.b2b.server.invoke.DispatchProcessor.process(DispatchProcessor.java:34)
  com.wm.app.b2b.server.AuditLogManager.process(AuditLogManager.java:377)
  com.wm.app.b2b.server.invoke.InvokeManager.invoke(InvokeManager.java:567)
  com.wm.app.b2b.server.invoke.InvokeManager.invoke(InvokeManager.java:342)
  com.wm.app.b2b.server.dispatcher.trigger.Trigger.invokeService(Trigger.java:564)
  com.wm.app.b2b.server.dispatcher.trigger.Trigger.processMessage(Trigger.java:462)
  com.wm.app.b2b.server.dispatcher.trigger.DefaultTriggerTaskHelper.process(DefaultTriggerTaskHelper.java:255)
  com.wm.app.b2b.server.dispatcher.trigger.TriggerTask.run(TriggerTask.java:307)
  com.wm.util.pool.PooledThread.run(PooledThread.java:127)
  java.lang.Thread.run(Thread.java:748)
]]>
      </failure>

          </testcase>
            <testcase name="assertInstance" time="0.000" classname="org.opencm.audit.assertion.instance.InstanceTest">
                <failure type="java.lang.AssertionError"
                  message="expected [integrationServer-default.COMMON-PORTS-FTPListener_4711_IkeaRIBasic1] but found [integrationServer-default.ABSENT]"
              >
<![CDATA[java.lang.AssertionError: expected [integrationServer-default.COMMON-PORTS-FTPListener_4711_IkeaRIBasic1] but found [integrationServer-default.ABSENT]
  org.testng.Assert.fail(Assert.java:96)
  org.testng.Assert.failNotEquals(Assert.java:779)
  org.testng.Assert.assertEqualsImpl(Assert.java:137)
  org.testng.Assert.assertEquals(Assert.java:118)
  org.testng.Assert.assertEquals(Assert.java:456)
  org.testng.Assert.assertEquals(Assert.java:466)
  org.opencm.audit.assertion.instance.InstanceTest.assertInstance(InstanceTest.java:60)
  sun.reflect.GeneratedMethodAccessor3919.invoke(Unknown Source)
  sun.reflect.DelegatingMethodAccessorImpl.invoke(DelegatingMethodAccessorImpl.java:43)
  java.lang.reflect.Method.invoke(Method.java:498)
  org.testng.internal.MethodInvocationHelper.invokeMethod(MethodInvocationHelper.java:108)
  org.testng.internal.Invoker.invokeMethod(Invoker.java:669)
  org.testng.internal.Invoker.invokeTestMethod(Invoker.java:877)
  org.testng.internal.Invoker.invokeTestMethods(Invoker.java:1201)
  org.testng.internal.TestMethodWorker.invokeTestMethods(TestMethodWorker.java:124)
  org.testng.internal.TestMethodWorker.run(TestMethodWorker.java:109)
  org.testng.TestRunner.privateRun(TestRunner.java:772)
  org.testng.TestRunner.run(TestRunner.java:630)
  org.testng.SuiteRunner.runTest(SuiteRunner.java:419)
  org.testng.SuiteRunner.runSequentially(SuiteRunner.java:414)
  org.testng.SuiteRunner.privateRun(SuiteRunner.java:379)
  org.testng.SuiteRunner.run(SuiteRunner.java:328)
  org.testng.SuiteRunnerWorker.runSuite(SuiteRunnerWorker.java:52)
  org.testng.SuiteRunnerWorker.run(SuiteRunnerWorker.java:86)
  org.testng.TestNG.runSuitesSequentially(TestNG.java:1318)
  org.testng.TestNG.runSuitesLocally(TestNG.java:1243)
  org.testng.TestNG.runSuites(TestNG.java:1161)
  org.testng.TestNG.run(TestNG.java:1129)
  OpenCM.priv.twoNodeAudit.baseline(twoNodeAudit.java:504)
  sun.reflect.NativeMethodAccessorImpl.invoke0(Native Method)
  sun.reflect.NativeMethodAccessorImpl.invoke(NativeMethodAccessorImpl.java:62)
  sun.reflect.DelegatingMethodAccessorImpl.invoke(DelegatingMethodAccessorImpl.java:43)
  java.lang.reflect.Method.invoke(Method.java:498)
  com.wm.app.b2b.server.JavaService.baseInvoke(JavaService.java:404)
  com.wm.app.b2b.server.invoke.InvokeManager.process(InvokeManager.java:668)
  com.wm.app.b2b.server.util.tspace.ReservationProcessor.process(ReservationProcessor.java:39)
  com.wm.app.b2b.server.invoke.StatisticsProcessor.process(StatisticsProcessor.java:49)
  com.wm.app.b2b.server.invoke.ServiceCompletionImpl.process(ServiceCompletionImpl.java:243)
  com.wm.app.b2b.server.invoke.ValidateProcessor.process(ValidateProcessor.java:49)
  com.wm.app.b2b.server.invoke.PipelineProcessor.process(PipelineProcessor.java:171)
  com.wm.app.b2b.server.ACLManager.process(ACLManager.java:299)
  com.wm.app.b2b.server.invoke.DispatchProcessor.process(DispatchProcessor.java:34)
  com.wm.app.b2b.server.AuditLogManager.process(AuditLogManager.java:377)
  com.wm.app.b2b.server.invoke.InvokeManager.invoke(InvokeManager.java:567)
  com.wm.app.b2b.server.invoke.InvokeManager.invoke(InvokeManager.java:384)
  com.wm.app.b2b.server.ServiceManager.invoke(ServiceManager.java:239)
  com.wm.app.b2b.server.BaseService.invoke(BaseService.java:246)
  com.wm.lang.flow.FlowInvoke.invoke(FlowInvoke.java:257)
  com.wm.lang.flow.FlowState.invokeNode(FlowState.java:535)
  com.wm.lang.flow.FlowState.step(FlowState.java:401)
  com.wm.lang.flow.FlowState.invoke(FlowState.java:372)
  com.wm.app.b2b.server.FlowSvcImpl.baseInvoke(FlowSvcImpl.java:1132)
  com.wm.app.b2b.server.invoke.InvokeManager.process(InvokeManager.java:668)
  com.wm.app.b2b.server.util.tspace.ReservationProcessor.process(ReservationProcessor.java:39)
  com.wm.app.b2b.server.invoke.StatisticsProcessor.process(StatisticsProcessor.java:49)
  com.wm.app.b2b.server.invoke.ServiceCompletionImpl.process(ServiceCompletionImpl.java:243)
  com.wm.app.b2b.server.invoke.ValidateProcessor.process(ValidateProcessor.java:49)
  com.wm.app.b2b.server.invoke.PipelineProcessor.process(PipelineProcessor.java:171)
  com.wm.app.b2b.server.ACLManager.process(ACLManager.java:299)
  com.wm.app.b2b.server.invoke.DispatchProcessor.process(DispatchProcessor.java:34)
  com.wm.app.b2b.server.AuditLogManager.process(AuditLogManager.java:377)
  com.wm.app.b2b.server.invoke.InvokeManager.invoke(InvokeManager.java:567)
  com.wm.app.b2b.server.invoke.InvokeManager.invoke(InvokeManager.java:342)
  com.wm.app.b2b.server.dispatcher.trigger.Trigger.invokeService(Trigger.java:564)
  com.wm.app.b2b.server.dispatcher.trigger.Trigger.processMessage(Trigger.java:462)
  com.wm.app.b2b.server.dispatcher.trigger.DefaultTriggerTaskHelper.process(DefaultTriggerTaskHelper.java:255)
  com.wm.app.b2b.server.dispatcher.trigger.TriggerTask.run(TriggerTask.java:307)
  com.wm.util.pool.PooledThread.run(PooledThread.java:127)
  java.lang.Thread.run(Thread.java:748)
]]>
      </failure>

          </testcase>
            <testcase name="assertInstance" time="0.000" classname="org.opencm.audit.assertion.instance.InstanceTest">
                <failure type="java.lang.AssertionError"
                  message="expected [integrationServer-default.COMMON-PORTS-TEST] but found [integrationServer-default.ABSENT]"
              >
<![CDATA[java.lang.AssertionError: expected [integrationServer-default.COMMON-PORTS-TEST] but found [integrationServer-default.ABSENT]
  org.testng.Assert.fail(Assert.java:96)
  org.testng.Assert.failNotEquals(Assert.java:779)
  org.testng.Assert.assertEqualsImpl(Assert.java:137)
  org.testng.Assert.assertEquals(Assert.java:118)
  org.testng.Assert.assertEquals(Assert.java:456)
  org.testng.Assert.assertEquals(Assert.java:466)
  org.opencm.audit.assertion.instance.InstanceTest.assertInstance(InstanceTest.java:60)
  sun.reflect.GeneratedMethodAccessor3919.invoke(Unknown Source)
  sun.reflect.DelegatingMethodAccessorImpl.invoke(DelegatingMethodAccessorImpl.java:43)
  java.lang.reflect.Method.invoke(Method.java:498)
  org.testng.internal.MethodInvocationHelper.invokeMethod(MethodInvocationHelper.java:108)
  org.testng.internal.Invoker.invokeMethod(Invoker.java:669)
  org.testng.internal.Invoker.invokeTestMethod(Invoker.java:877)
  org.testng.internal.Invoker.invokeTestMethods(Invoker.java:1201)
  org.testng.internal.TestMethodWorker.invokeTestMethods(TestMethodWorker.java:124)
  org.testng.internal.TestMethodWorker.run(TestMethodWorker.java:109)
  org.testng.TestRunner.privateRun(TestRunner.java:772)
  org.testng.TestRunner.run(TestRunner.java:630)
  org.testng.SuiteRunner.runTest(SuiteRunner.java:419)
  org.testng.SuiteRunner.runSequentially(SuiteRunner.java:414)
  org.testng.SuiteRunner.privateRun(SuiteRunner.java:379)
  org.testng.SuiteRunner.run(SuiteRunner.java:328)
  org.testng.SuiteRunnerWorker.runSuite(SuiteRunnerWorker.java:52)
  org.testng.SuiteRunnerWorker.run(SuiteRunnerWorker.java:86)
  org.testng.TestNG.runSuitesSequentially(TestNG.java:1318)
  org.testng.TestNG.runSuitesLocally(TestNG.java:1243)
  org.testng.TestNG.runSuites(TestNG.java:1161)
  org.testng.TestNG.run(TestNG.java:1129)
  OpenCM.priv.twoNodeAudit.baseline(twoNodeAudit.java:504)
  sun.reflect.NativeMethodAccessorImpl.invoke0(Native Method)
  sun.reflect.NativeMethodAccessorImpl.invoke(NativeMethodAccessorImpl.java:62)
  sun.reflect.DelegatingMethodAccessorImpl.invoke(DelegatingMethodAccessorImpl.java:43)
  java.lang.reflect.Method.invoke(Method.java:498)
  com.wm.app.b2b.server.JavaService.baseInvoke(JavaService.java:404)
  com.wm.app.b2b.server.invoke.InvokeManager.process(InvokeManager.java:668)
  com.wm.app.b2b.server.util.tspace.ReservationProcessor.process(ReservationProcessor.java:39)
  com.wm.app.b2b.server.invoke.StatisticsProcessor.process(StatisticsProcessor.java:49)
  com.wm.app.b2b.server.invoke.ServiceCompletionImpl.process(ServiceCompletionImpl.java:243)
  com.wm.app.b2b.server.invoke.ValidateProcessor.process(ValidateProcessor.java:49)
  com.wm.app.b2b.server.invoke.PipelineProcessor.process(PipelineProcessor.java:171)
  com.wm.app.b2b.server.ACLManager.process(ACLManager.java:299)
  com.wm.app.b2b.server.invoke.DispatchProcessor.process(DispatchProcessor.java:34)
  com.wm.app.b2b.server.AuditLogManager.process(AuditLogManager.java:377)
  com.wm.app.b2b.server.invoke.InvokeManager.invoke(InvokeManager.java:567)
  com.wm.app.b2b.server.invoke.InvokeManager.invoke(InvokeManager.java:384)
  com.wm.app.b2b.server.ServiceManager.invoke(ServiceManager.java:239)
  com.wm.app.b2b.server.BaseService.invoke(BaseService.java:246)
  com.wm.lang.flow.FlowInvoke.invoke(FlowInvoke.java:257)
  com.wm.lang.flow.FlowState.invokeNode(FlowState.java:535)
  com.wm.lang.flow.FlowState.step(FlowState.java:401)
  com.wm.lang.flow.FlowState.invoke(FlowState.java:372)
  com.wm.app.b2b.server.FlowSvcImpl.baseInvoke(FlowSvcImpl.java:1132)
  com.wm.app.b2b.server.invoke.InvokeManager.process(InvokeManager.java:668)
  com.wm.app.b2b.server.util.tspace.ReservationProcessor.process(ReservationProcessor.java:39)
  com.wm.app.b2b.server.invoke.StatisticsProcessor.process(StatisticsProcessor.java:49)
  com.wm.app.b2b.server.invoke.ServiceCompletionImpl.process(ServiceCompletionImpl.java:243)
  com.wm.app.b2b.server.invoke.ValidateProcessor.process(ValidateProcessor.java:49)
  com.wm.app.b2b.server.invoke.PipelineProcessor.process(PipelineProcessor.java:171)
  com.wm.app.b2b.server.ACLManager.process(ACLManager.java:299)
  com.wm.app.b2b.server.invoke.DispatchProcessor.process(DispatchProcessor.java:34)
  com.wm.app.b2b.server.AuditLogManager.process(AuditLogManager.java:377)
  com.wm.app.b2b.server.invoke.InvokeManager.invoke(InvokeManager.java:567)
  com.wm.app.b2b.server.invoke.InvokeManager.invoke(InvokeManager.java:342)
  com.wm.app.b2b.server.dispatcher.trigger.Trigger.invokeService(Trigger.java:564)
  com.wm.app.b2b.server.dispatcher.trigger.Trigger.processMessage(Trigger.java:462)
  com.wm.app.b2b.server.dispatcher.trigger.DefaultTriggerTaskHelper.process(DefaultTriggerTaskHelper.java:255)
  com.wm.app.b2b.server.dispatcher.trigger.TriggerTask.run(TriggerTask.java:307)
  com.wm.util.pool.PooledThread.run(PooledThread.java:127)
  java.lang.Thread.run(Thread.java:748)
]]>
      </failure>

          </testcase>
            <testcase name="assertInstance" time="0.000" classname="org.opencm.audit.assertion.instance.InstanceTest">
                <failure type="java.lang.AssertionError"
                  message="expected [integrationServer-default.COMMON-PORTS-FTPSListener_10990_IkeaRIBasic1] but found [integrationServer-default.ABSENT]"
              >
<![CDATA[java.lang.AssertionError: expected [integrationServer-default.COMMON-PORTS-FTPSListener_10990_IkeaRIBasic1] but found [integrationServer-default.ABSENT]
  org.testng.Assert.fail(Assert.java:96)
  org.testng.Assert.failNotEquals(Assert.java:779)
  org.testng.Assert.assertEqualsImpl(Assert.java:137)
  org.testng.Assert.assertEquals(Assert.java:118)
  org.testng.Assert.assertEquals(Assert.java:456)
  org.testng.Assert.assertEquals(Assert.java:466)
  org.opencm.audit.assertion.instance.InstanceTest.assertInstance(InstanceTest.java:60)
  sun.reflect.GeneratedMethodAccessor3919.invoke(Unknown Source)
  sun.reflect.DelegatingMethodAccessorImpl.invoke(DelegatingMethodAccessorImpl.java:43)
  java.lang.reflect.Method.invoke(Method.java:498)
  org.testng.internal.MethodInvocationHelper.invokeMethod(MethodInvocationHelper.java:108)
  org.testng.internal.Invoker.invokeMethod(Invoker.java:669)
  org.testng.internal.Invoker.invokeTestMethod(Invoker.java:877)
  org.testng.internal.Invoker.invokeTestMethods(Invoker.java:1201)
  org.testng.internal.TestMethodWorker.invokeTestMethods(TestMethodWorker.java:124)
  org.testng.internal.TestMethodWorker.run(TestMethodWorker.java:109)
  org.testng.TestRunner.privateRun(TestRunner.java:772)
  org.testng.TestRunner.run(TestRunner.java:630)
  org.testng.SuiteRunner.runTest(SuiteRunner.java:419)
  org.testng.SuiteRunner.runSequentially(SuiteRunner.java:414)
  org.testng.SuiteRunner.privateRun(SuiteRunner.java:379)
  org.testng.SuiteRunner.run(SuiteRunner.java:328)
  org.testng.SuiteRunnerWorker.runSuite(SuiteRunnerWorker.java:52)
  org.testng.SuiteRunnerWorker.run(SuiteRunnerWorker.java:86)
  org.testng.TestNG.runSuitesSequentially(TestNG.java:1318)
  org.testng.TestNG.runSuitesLocally(TestNG.java:1243)
  org.testng.TestNG.runSuites(TestNG.java:1161)
  org.testng.TestNG.run(TestNG.java:1129)
  OpenCM.priv.twoNodeAudit.baseline(twoNodeAudit.java:504)
  sun.reflect.NativeMethodAccessorImpl.invoke0(Native Method)
  sun.reflect.NativeMethodAccessorImpl.invoke(NativeMethodAccessorImpl.java:62)
  sun.reflect.DelegatingMethodAccessorImpl.invoke(DelegatingMethodAccessorImpl.java:43)
  java.lang.reflect.Method.invoke(Method.java:498)
  com.wm.app.b2b.server.JavaService.baseInvoke(JavaService.java:404)
  com.wm.app.b2b.server.invoke.InvokeManager.process(InvokeManager.java:668)
  com.wm.app.b2b.server.util.tspace.ReservationProcessor.process(ReservationProcessor.java:39)
  com.wm.app.b2b.server.invoke.StatisticsProcessor.process(StatisticsProcessor.java:49)
  com.wm.app.b2b.server.invoke.ServiceCompletionImpl.process(ServiceCompletionImpl.java:243)
  com.wm.app.b2b.server.invoke.ValidateProcessor.process(ValidateProcessor.java:49)
  com.wm.app.b2b.server.invoke.PipelineProcessor.process(PipelineProcessor.java:171)
  com.wm.app.b2b.server.ACLManager.process(ACLManager.java:299)
  com.wm.app.b2b.server.invoke.DispatchProcessor.process(DispatchProcessor.java:34)
  com.wm.app.b2b.server.AuditLogManager.process(AuditLogManager.java:377)
  com.wm.app.b2b.server.invoke.InvokeManager.invoke(InvokeManager.java:567)
  com.wm.app.b2b.server.invoke.InvokeManager.invoke(InvokeManager.java:384)
  com.wm.app.b2b.server.ServiceManager.invoke(ServiceManager.java:239)
  com.wm.app.b2b.server.BaseService.invoke(BaseService.java:246)
  com.wm.lang.flow.FlowInvoke.invoke(FlowInvoke.java:257)
  com.wm.lang.flow.FlowState.invokeNode(FlowState.java:535)
  com.wm.lang.flow.FlowState.step(FlowState.java:401)
  com.wm.lang.flow.FlowState.invoke(FlowState.java:372)
  com.wm.app.b2b.server.FlowSvcImpl.baseInvoke(FlowSvcImpl.java:1132)
  com.wm.app.b2b.server.invoke.InvokeManager.process(InvokeManager.java:668)
  com.wm.app.b2b.server.util.tspace.ReservationProcessor.process(ReservationProcessor.java:39)
  com.wm.app.b2b.server.invoke.StatisticsProcessor.process(StatisticsProcessor.java:49)
  com.wm.app.b2b.server.invoke.ServiceCompletionImpl.process(ServiceCompletionImpl.java:243)
  com.wm.app.b2b.server.invoke.ValidateProcessor.process(ValidateProcessor.java:49)
  com.wm.app.b2b.server.invoke.PipelineProcessor.process(PipelineProcessor.java:171)
  com.wm.app.b2b.server.ACLManager.process(ACLManager.java:299)
  com.wm.app.b2b.server.invoke.DispatchProcessor.process(DispatchProcessor.java:34)
  com.wm.app.b2b.server.AuditLogManager.process(AuditLogManager.java:377)
  com.wm.app.b2b.server.invoke.InvokeManager.invoke(InvokeManager.java:567)
  com.wm.app.b2b.server.invoke.InvokeManager.invoke(InvokeManager.java:342)
  com.wm.app.b2b.server.dispatcher.trigger.Trigger.invokeService(Trigger.java:564)
  com.wm.app.b2b.server.dispatcher.trigger.Trigger.processMessage(Trigger.java:462)
  com.wm.app.b2b.server.dispatcher.trigger.DefaultTriggerTaskHelper.process(DefaultTriggerTaskHelper.java:255)
  com.wm.app.b2b.server.dispatcher.trigger.TriggerTask.run(TriggerTask.java:307)
  com.wm.util.pool.PooledThread.run(PooledThread.java:127)
  java.lang.Thread.run(Thread.java:748)
]]>
      </failure>

          </testcase>
            <testcase name="assertInstance" time="0.000" classname="org.opencm.audit.assertion.instance.InstanceTest">
                <failure type="java.lang.AssertionError"
                  message="expected [integrationServer-default.COMMON-LOCAL-USERS-opencm_synch] but found [integrationServer-default.ABSENT]"
              >
<![CDATA[java.lang.AssertionError: expected [integrationServer-default.COMMON-LOCAL-USERS-opencm_synch] but found [integrationServer-default.ABSENT]
  org.testng.Assert.fail(Assert.java:96)
  org.testng.Assert.failNotEquals(Assert.java:779)
  org.testng.Assert.assertEqualsImpl(Assert.java:137)
  org.testng.Assert.assertEquals(Assert.java:118)
  org.testng.Assert.assertEquals(Assert.java:456)
  org.testng.Assert.assertEquals(Assert.java:466)
  org.opencm.audit.assertion.instance.InstanceTest.assertInstance(InstanceTest.java:60)
  sun.reflect.GeneratedMethodAccessor3919.invoke(Unknown Source)
  sun.reflect.DelegatingMethodAccessorImpl.invoke(DelegatingMethodAccessorImpl.java:43)
  java.lang.reflect.Method.invoke(Method.java:498)
  org.testng.internal.MethodInvocationHelper.invokeMethod(MethodInvocationHelper.java:108)
  org.testng.internal.Invoker.invokeMethod(Invoker.java:669)
  org.testng.internal.Invoker.invokeTestMethod(Invoker.java:877)
  org.testng.internal.Invoker.invokeTestMethods(Invoker.java:1201)
  org.testng.internal.TestMethodWorker.invokeTestMethods(TestMethodWorker.java:124)
  org.testng.internal.TestMethodWorker.run(TestMethodWorker.java:109)
  org.testng.TestRunner.privateRun(TestRunner.java:772)
  org.testng.TestRunner.run(TestRunner.java:630)
  org.testng.SuiteRunner.runTest(SuiteRunner.java:419)
  org.testng.SuiteRunner.runSequentially(SuiteRunner.java:414)
  org.testng.SuiteRunner.privateRun(SuiteRunner.java:379)
  org.testng.SuiteRunner.run(SuiteRunner.java:328)
  org.testng.SuiteRunnerWorker.runSuite(SuiteRunnerWorker.java:52)
  org.testng.SuiteRunnerWorker.run(SuiteRunnerWorker.java:86)
  org.testng.TestNG.runSuitesSequentially(TestNG.java:1318)
  org.testng.TestNG.runSuitesLocally(TestNG.java:1243)
  org.testng.TestNG.runSuites(TestNG.java:1161)
  org.testng.TestNG.run(TestNG.java:1129)
  OpenCM.priv.twoNodeAudit.baseline(twoNodeAudit.java:504)
  sun.reflect.NativeMethodAccessorImpl.invoke0(Native Method)
  sun.reflect.NativeMethodAccessorImpl.invoke(NativeMethodAccessorImpl.java:62)
  sun.reflect.DelegatingMethodAccessorImpl.invoke(DelegatingMethodAccessorImpl.java:43)
  java.lang.reflect.Method.invoke(Method.java:498)
  com.wm.app.b2b.server.JavaService.baseInvoke(JavaService.java:404)
  com.wm.app.b2b.server.invoke.InvokeManager.process(InvokeManager.java:668)
  com.wm.app.b2b.server.util.tspace.ReservationProcessor.process(ReservationProcessor.java:39)
  com.wm.app.b2b.server.invoke.StatisticsProcessor.process(StatisticsProcessor.java:49)
  com.wm.app.b2b.server.invoke.ServiceCompletionImpl.process(ServiceCompletionImpl.java:243)
  com.wm.app.b2b.server.invoke.ValidateProcessor.process(ValidateProcessor.java:49)
  com.wm.app.b2b.server.invoke.PipelineProcessor.process(PipelineProcessor.java:171)
  com.wm.app.b2b.server.ACLManager.process(ACLManager.java:299)
  com.wm.app.b2b.server.invoke.DispatchProcessor.process(DispatchProcessor.java:34)
  com.wm.app.b2b.server.AuditLogManager.process(AuditLogManager.java:377)
  com.wm.app.b2b.server.invoke.InvokeManager.invoke(InvokeManager.java:567)
  com.wm.app.b2b.server.invoke.InvokeManager.invoke(InvokeManager.java:384)
  com.wm.app.b2b.server.ServiceManager.invoke(ServiceManager.java:239)
  com.wm.app.b2b.server.BaseService.invoke(BaseService.java:246)
  com.wm.lang.flow.FlowInvoke.invoke(FlowInvoke.java:257)
  com.wm.lang.flow.FlowState.invokeNode(FlowState.java:535)
  com.wm.lang.flow.FlowState.step(FlowState.java:401)
  com.wm.lang.flow.FlowState.invoke(FlowState.java:372)
  com.wm.app.b2b.server.FlowSvcImpl.baseInvoke(FlowSvcImpl.java:1132)
  com.wm.app.b2b.server.invoke.InvokeManager.process(InvokeManager.java:668)
  com.wm.app.b2b.server.util.tspace.ReservationProcessor.process(ReservationProcessor.java:39)
  com.wm.app.b2b.server.invoke.StatisticsProcessor.process(StatisticsProcessor.java:49)
  com.wm.app.b2b.server.invoke.ServiceCompletionImpl.process(ServiceCompletionImpl.java:243)
  com.wm.app.b2b.server.invoke.ValidateProcessor.process(ValidateProcessor.java:49)
  com.wm.app.b2b.server.invoke.PipelineProcessor.process(PipelineProcessor.java:171)
  com.wm.app.b2b.server.ACLManager.process(ACLManager.java:299)
  com.wm.app.b2b.server.invoke.DispatchProcessor.process(DispatchProcessor.java:34)
  com.wm.app.b2b.server.AuditLogManager.process(AuditLogManager.java:377)
  com.wm.app.b2b.server.invoke.InvokeManager.invoke(InvokeManager.java:567)
  com.wm.app.b2b.server.invoke.InvokeManager.invoke(InvokeManager.java:342)
  com.wm.app.b2b.server.dispatcher.trigger.Trigger.invokeService(Trigger.java:564)
  com.wm.app.b2b.server.dispatcher.trigger.Trigger.processMessage(Trigger.java:462)
  com.wm.app.b2b.server.dispatcher.trigger.DefaultTriggerTaskHelper.process(DefaultTriggerTaskHelper.java:255)
  com.wm.app.b2b.server.dispatcher.trigger.TriggerTask.run(TriggerTask.java:307)
  com.wm.util.pool.PooledThread.run(PooledThread.java:127)
  java.lang.Thread.run(Thread.java:748)
]]>
      </failure>

          </testcase>
            <testcase name="assertInstance" time="0.000" classname="org.opencm.audit.assertion.instance.InstanceTest">
                <failure type="java.lang.AssertionError"
                  message="expected [integrationServer-default.COMMON-PORTS-OPENCM_SYNCH_PORT] but found [integrationServer-default.ABSENT]"
              >
<![CDATA[java.lang.AssertionError: expected [integrationServer-default.COMMON-PORTS-OPENCM_SYNCH_PORT] but found [integrationServer-default.ABSENT]
  org.testng.Assert.fail(Assert.java:96)
  org.testng.Assert.failNotEquals(Assert.java:779)
  org.testng.Assert.assertEqualsImpl(Assert.java:137)
  org.testng.Assert.assertEquals(Assert.java:118)
  org.testng.Assert.assertEquals(Assert.java:456)
  org.testng.Assert.assertEquals(Assert.java:466)
  org.opencm.audit.assertion.instance.InstanceTest.assertInstance(InstanceTest.java:60)
  sun.reflect.GeneratedMethodAccessor3919.invoke(Unknown Source)
  sun.reflect.DelegatingMethodAccessorImpl.invoke(DelegatingMethodAccessorImpl.java:43)
  java.lang.reflect.Method.invoke(Method.java:498)
  org.testng.internal.MethodInvocationHelper.invokeMethod(MethodInvocationHelper.java:108)
  org.testng.internal.Invoker.invokeMethod(Invoker.java:669)
  org.testng.internal.Invoker.invokeTestMethod(Invoker.java:877)
  org.testng.internal.Invoker.invokeTestMethods(Invoker.java:1201)
  org.testng.internal.TestMethodWorker.invokeTestMethods(TestMethodWorker.java:124)
  org.testng.internal.TestMethodWorker.run(TestMethodWorker.java:109)
  org.testng.TestRunner.privateRun(TestRunner.java:772)
  org.testng.TestRunner.run(TestRunner.java:630)
  org.testng.SuiteRunner.runTest(SuiteRunner.java:419)
  org.testng.SuiteRunner.runSequentially(SuiteRunner.java:414)
  org.testng.SuiteRunner.privateRun(SuiteRunner.java:379)
  org.testng.SuiteRunner.run(SuiteRunner.java:328)
  org.testng.SuiteRunnerWorker.runSuite(SuiteRunnerWorker.java:52)
  org.testng.SuiteRunnerWorker.run(SuiteRunnerWorker.java:86)
  org.testng.TestNG.runSuitesSequentially(TestNG.java:1318)
  org.testng.TestNG.runSuitesLocally(TestNG.java:1243)
  org.testng.TestNG.runSuites(TestNG.java:1161)
  org.testng.TestNG.run(TestNG.java:1129)
  OpenCM.priv.twoNodeAudit.baseline(twoNodeAudit.java:504)
  sun.reflect.NativeMethodAccessorImpl.invoke0(Native Method)
  sun.reflect.NativeMethodAccessorImpl.invoke(NativeMethodAccessorImpl.java:62)
  sun.reflect.DelegatingMethodAccessorImpl.invoke(DelegatingMethodAccessorImpl.java:43)
  java.lang.reflect.Method.invoke(Method.java:498)
  com.wm.app.b2b.server.JavaService.baseInvoke(JavaService.java:404)
  com.wm.app.b2b.server.invoke.InvokeManager.process(InvokeManager.java:668)
  com.wm.app.b2b.server.util.tspace.ReservationProcessor.process(ReservationProcessor.java:39)
  com.wm.app.b2b.server.invoke.StatisticsProcessor.process(StatisticsProcessor.java:49)
  com.wm.app.b2b.server.invoke.ServiceCompletionImpl.process(ServiceCompletionImpl.java:243)
  com.wm.app.b2b.server.invoke.ValidateProcessor.process(ValidateProcessor.java:49)
  com.wm.app.b2b.server.invoke.PipelineProcessor.process(PipelineProcessor.java:171)
  com.wm.app.b2b.server.ACLManager.process(ACLManager.java:299)
  com.wm.app.b2b.server.invoke.DispatchProcessor.process(DispatchProcessor.java:34)
  com.wm.app.b2b.server.AuditLogManager.process(AuditLogManager.java:377)
  com.wm.app.b2b.server.invoke.InvokeManager.invoke(InvokeManager.java:567)
  com.wm.app.b2b.server.invoke.InvokeManager.invoke(InvokeManager.java:384)
  com.wm.app.b2b.server.ServiceManager.invoke(ServiceManager.java:239)
  com.wm.app.b2b.server.BaseService.invoke(BaseService.java:246)
  com.wm.lang.flow.FlowInvoke.invoke(FlowInvoke.java:257)
  com.wm.lang.flow.FlowState.invokeNode(FlowState.java:535)
  com.wm.lang.flow.FlowState.step(FlowState.java:401)
  com.wm.lang.flow.FlowState.invoke(FlowState.java:372)
  com.wm.app.b2b.server.FlowSvcImpl.baseInvoke(FlowSvcImpl.java:1132)
  com.wm.app.b2b.server.invoke.InvokeManager.process(InvokeManager.java:668)
  com.wm.app.b2b.server.util.tspace.ReservationProcessor.process(ReservationProcessor.java:39)
  com.wm.app.b2b.server.invoke.StatisticsProcessor.process(StatisticsProcessor.java:49)
  com.wm.app.b2b.server.invoke.ServiceCompletionImpl.process(ServiceCompletionImpl.java:243)
  com.wm.app.b2b.server.invoke.ValidateProcessor.process(ValidateProcessor.java:49)
  com.wm.app.b2b.server.invoke.PipelineProcessor.process(PipelineProcessor.java:171)
  com.wm.app.b2b.server.ACLManager.process(ACLManager.java:299)
  com.wm.app.b2b.server.invoke.DispatchProcessor.process(DispatchProcessor.java:34)
  com.wm.app.b2b.server.AuditLogManager.process(AuditLogManager.java:377)
  com.wm.app.b2b.server.invoke.InvokeManager.invoke(InvokeManager.java:567)
  com.wm.app.b2b.server.invoke.InvokeManager.invoke(InvokeManager.java:342)
  com.wm.app.b2b.server.dispatcher.trigger.Trigger.invokeService(Trigger.java:564)
  com.wm.app.b2b.server.dispatcher.trigger.Trigger.processMessage(Trigger.java:462)
  com.wm.app.b2b.server.dispatcher.trigger.DefaultTriggerTaskHelper.process(DefaultTriggerTaskHelper.java:255)
  com.wm.app.b2b.server.dispatcher.trigger.TriggerTask.run(TriggerTask.java:307)
  com.wm.util.pool.PooledThread.run(PooledThread.java:127)
  java.lang.Thread.run(Thread.java:748)
]]>
      </failure>

          </testcase>
            <testcase name="assertInstance" time="0.000" classname="org.opencm.audit.assertion.instance.InstanceTest">
                <failure type="java.lang.AssertionError"
                  message="expected [integrationServer-default.COMMON-VARS-OPENCM_MASTER_PASSWORD] but found [integrationServer-default.ABSENT]"
              >
<![CDATA[java.lang.AssertionError: expected [integrationServer-default.COMMON-VARS-OPENCM_MASTER_PASSWORD] but found [integrationServer-default.ABSENT]
  org.testng.Assert.fail(Assert.java:96)
  org.testng.Assert.failNotEquals(Assert.java:779)
  org.testng.Assert.assertEqualsImpl(Assert.java:137)
  org.testng.Assert.assertEquals(Assert.java:118)
  org.testng.Assert.assertEquals(Assert.java:456)
  org.testng.Assert.assertEquals(Assert.java:466)
  org.opencm.audit.assertion.instance.InstanceTest.assertInstance(InstanceTest.java:60)
  sun.reflect.GeneratedMethodAccessor3919.invoke(Unknown Source)
  sun.reflect.DelegatingMethodAccessorImpl.invoke(DelegatingMethodAccessorImpl.java:43)
  java.lang.reflect.Method.invoke(Method.java:498)
  org.testng.internal.MethodInvocationHelper.invokeMethod(MethodInvocationHelper.java:108)
  org.testng.internal.Invoker.invokeMethod(Invoker.java:669)
  org.testng.internal.Invoker.invokeTestMethod(Invoker.java:877)
  org.testng.internal.Invoker.invokeTestMethods(Invoker.java:1201)
  org.testng.internal.TestMethodWorker.invokeTestMethods(TestMethodWorker.java:124)
  org.testng.internal.TestMethodWorker.run(TestMethodWorker.java:109)
  org.testng.TestRunner.privateRun(TestRunner.java:772)
  org.testng.TestRunner.run(TestRunner.java:630)
  org.testng.SuiteRunner.runTest(SuiteRunner.java:419)
  org.testng.SuiteRunner.runSequentially(SuiteRunner.java:414)
  org.testng.SuiteRunner.privateRun(SuiteRunner.java:379)
  org.testng.SuiteRunner.run(SuiteRunner.java:328)
  org.testng.SuiteRunnerWorker.runSuite(SuiteRunnerWorker.java:52)
  org.testng.SuiteRunnerWorker.run(SuiteRunnerWorker.java:86)
  org.testng.TestNG.runSuitesSequentially(TestNG.java:1318)
  org.testng.TestNG.runSuitesLocally(TestNG.java:1243)
  org.testng.TestNG.runSuites(TestNG.java:1161)
  org.testng.TestNG.run(TestNG.java:1129)
  OpenCM.priv.twoNodeAudit.baseline(twoNodeAudit.java:504)
  sun.reflect.NativeMethodAccessorImpl.invoke0(Native Method)
  sun.reflect.NativeMethodAccessorImpl.invoke(NativeMethodAccessorImpl.java:62)
  sun.reflect.DelegatingMethodAccessorImpl.invoke(DelegatingMethodAccessorImpl.java:43)
  java.lang.reflect.Method.invoke(Method.java:498)
  com.wm.app.b2b.server.JavaService.baseInvoke(JavaService.java:404)
  com.wm.app.b2b.server.invoke.InvokeManager.process(InvokeManager.java:668)
  com.wm.app.b2b.server.util.tspace.ReservationProcessor.process(ReservationProcessor.java:39)
  com.wm.app.b2b.server.invoke.StatisticsProcessor.process(StatisticsProcessor.java:49)
  com.wm.app.b2b.server.invoke.ServiceCompletionImpl.process(ServiceCompletionImpl.java:243)
  com.wm.app.b2b.server.invoke.ValidateProcessor.process(ValidateProcessor.java:49)
  com.wm.app.b2b.server.invoke.PipelineProcessor.process(PipelineProcessor.java:171)
  com.wm.app.b2b.server.ACLManager.process(ACLManager.java:299)
  com.wm.app.b2b.server.invoke.DispatchProcessor.process(DispatchProcessor.java:34)
  com.wm.app.b2b.server.AuditLogManager.process(AuditLogManager.java:377)
  com.wm.app.b2b.server.invoke.InvokeManager.invoke(InvokeManager.java:567)
  com.wm.app.b2b.server.invoke.InvokeManager.invoke(InvokeManager.java:384)
  com.wm.app.b2b.server.ServiceManager.invoke(ServiceManager.java:239)
  com.wm.app.b2b.server.BaseService.invoke(BaseService.java:246)
  com.wm.lang.flow.FlowInvoke.invoke(FlowInvoke.java:257)
  com.wm.lang.flow.FlowState.invokeNode(FlowState.java:535)
  com.wm.lang.flow.FlowState.step(FlowState.java:401)
  com.wm.lang.flow.FlowState.invoke(FlowState.java:372)
  com.wm.app.b2b.server.FlowSvcImpl.baseInvoke(FlowSvcImpl.java:1132)
  com.wm.app.b2b.server.invoke.InvokeManager.process(InvokeManager.java:668)
  com.wm.app.b2b.server.util.tspace.ReservationProcessor.process(ReservationProcessor.java:39)
  com.wm.app.b2b.server.invoke.StatisticsProcessor.process(StatisticsProcessor.java:49)
  com.wm.app.b2b.server.invoke.ServiceCompletionImpl.process(ServiceCompletionImpl.java:243)
  com.wm.app.b2b.server.invoke.ValidateProcessor.process(ValidateProcessor.java:49)
  com.wm.app.b2b.server.invoke.PipelineProcessor.process(PipelineProcessor.java:171)
  com.wm.app.b2b.server.ACLManager.process(ACLManager.java:299)
  com.wm.app.b2b.server.invoke.DispatchProcessor.process(DispatchProcessor.java:34)
  com.wm.app.b2b.server.AuditLogManager.process(AuditLogManager.java:377)
  com.wm.app.b2b.server.invoke.InvokeManager.invoke(InvokeManager.java:567)
  com.wm.app.b2b.server.invoke.InvokeManager.invoke(InvokeManager.java:342)
  com.wm.app.b2b.server.dispatcher.trigger.Trigger.invokeService(Trigger.java:564)
  com.wm.app.b2b.server.dispatcher.trigger.Trigger.processMessage(Trigger.java:462)
  com.wm.app.b2b.server.dispatcher.trigger.DefaultTriggerTaskHelper.process(DefaultTriggerTaskHelper.java:255)
  com.wm.app.b2b.server.dispatcher.trigger.TriggerTask.run(TriggerTask.java:307)
  com.wm.util.pool.PooledThread.run(PooledThread.java:127)
  java.lang.Thread.run(Thread.java:748)
]]>
      </failure>

          </testcase>
  
  
            <testcase name="assertInstance" time="0.000" classname="org.opencm.audit.assertion.instance.InstanceTest" />
                <testcase name="assertInstance" time="0.000" classname="org.opencm.audit.assertion.instance.InstanceTest" />
                <testcase name="assertInstance" time="0.000" classname="org.opencm.audit.assertion.instance.InstanceTest" />
                <testcase name="assertInstance" time="0.000" classname="org.opencm.audit.assertion.instance.InstanceTest" />
                <testcase name="assertInstance" time="0.000" classname="org.opencm.audit.assertion.instance.InstanceTest" />
                <testcase name="assertInstance" time="0.000" classname="org.opencm.audit.assertion.instance.InstanceTest" />
                <testcase name="assertInstance" time="0.000" classname="org.opencm.audit.assertion.instance.InstanceTest" />
                <testcase name="assertInstance" time="0.000" classname="org.opencm.audit.assertion.instance.InstanceTest" />
                <testcase name="assertInstance" time="0.000" classname="org.opencm.audit.assertion.instance.InstanceTest" />
                <testcase name="assertInstance" time="0.000" classname="org.opencm.audit.assertion.instance.InstanceTest" />
                <testcase name="assertInstance" time="0.000" classname="org.opencm.audit.assertion.instance.InstanceTest" />
                <testcase name="assertInstance" time="0.000" classname="org.opencm.audit.assertion.instance.InstanceTest" />
                <testcase name="assertInstance" time="0.000" classname="org.opencm.audit.assertion.instance.InstanceTest" />
                <testcase name="assertInstance" time="0.001" classname="org.opencm.audit.assertion.instance.InstanceTest" />
                <testcase name="assertInstance" time="0.000" classname="org.opencm.audit.assertion.instance.InstanceTest" />
                <testcase name="assertInstance" time="0.000" classname="org.opencm.audit.assertion.instance.InstanceTest" />
                <testcase name="assertInstance" time="0.000" classname="org.opencm.audit.assertion.instance.InstanceTest" />
                <testcase name="assertInstance" time="0.000" classname="org.opencm.audit.assertion.instance.InstanceTest" />
                <testcase name="assertInstance" time="0.000" classname="org.opencm.audit.assertion.instance.InstanceTest" />
                <testcase name="assertInstance" time="0.000" classname="org.opencm.audit.assertion.instance.InstanceTest" />
                <testcase name="assertInstance" time="0.000" classname="org.opencm.audit.assertion.instance.InstanceTest" />
                <testcase name="assertInstance" time="0.000" classname="org.opencm.audit.assertion.instance.InstanceTest" />
                <testcase name="assertInstance" time="0.000" classname="org.opencm.audit.assertion.instance.InstanceTest" />
                <testcase name="assertInstance" time="0.000" classname="org.opencm.audit.assertion.instance.InstanceTest" />
                <testcase name="assertInstance" time="0.000" classname="org.opencm.audit.assertion.instance.InstanceTest" />
                <testcase name="assertInstance" time="0.000" classname="org.opencm.audit.assertion.instance.InstanceTest" />
                <testcase name="assertInstance" time="0.000" classname="org.opencm.audit.assertion.instance.InstanceTest" />
                <testcase name="assertInstance" time="0.000" classname="org.opencm.audit.assertion.instance.InstanceTest" />
                <testcase name="assertInstance" time="0.000" classname="org.opencm.audit.assertion.instance.InstanceTest" />
                <testcase name="assertInstance" time="0.000" classname="org.opencm.audit.assertion.instance.InstanceTest" />
                <testcase name="assertInstance" time="0.000" classname="org.opencm.audit.assertion.instance.InstanceTest" />
                <testcase name="assertInstance" time="0.000" classname="org.opencm.audit.assertion.instance.InstanceTest" />
                <testcase name="assertInstance" time="0.000" classname="org.opencm.audit.assertion.instance.InstanceTest" />
                <testcase name="assertInstance" time="0.000" classname="org.opencm.audit.assertion.instance.InstanceTest" />
                <testcase name="assertInstance" time="0.000" classname="org.opencm.audit.assertion.instance.InstanceTest" />
                <testcase name="assertInstance" time="0.000" classname="org.opencm.audit.assertion.instance.InstanceTest" />
                <testcase name="assertInstance" time="0.000" classname="org.opencm.audit.assertion.instance.InstanceTest" />
                <testcase name="assertInstance" time="0.000" classname="org.opencm.audit.assertion.instance.InstanceTest" />
                <testcase name="assertInstance" time="0.000" classname="org.opencm.audit.assertion.instance.InstanceTest" />
                <testcase name="assertInstance" time="0.000" classname="org.opencm.audit.assertion.instance.InstanceTest" />
                <testcase name="assertInstance" time="0.000" classname="org.opencm.audit.assertion.instance.InstanceTest" />
                <testcase name="assertInstance" time="0.000" classname="org.opencm.audit.assertion.instance.InstanceTest" />
                <testcase name="assertInstance" time="0.000" classname="org.opencm.audit.assertion.instance.InstanceTest" />
                <testcase name="assertInstance" time="0.000" classname="org.opencm.audit.assertion.instance.InstanceTest" />
                <testcase name="assertInstance" time="0.000" classname="org.opencm.audit.assertion.instance.InstanceTest" />
                <testcase name="assertInstance" time="0.000" classname="org.opencm.audit.assertion.instance.InstanceTest" />
                <testcase name="assertInstance" time="0.000" classname="org.opencm.audit.assertion.instance.InstanceTest" />
                <testcase name="assertInstance" time="0.000" classname="org.opencm.audit.assertion.instance.InstanceTest" />
                <testcase name="assertInstance" time="0.000" classname="org.opencm.audit.assertion.instance.InstanceTest" />
                <testcase name="assertInstance" time="0.000" classname="org.opencm.audit.assertion.instance.InstanceTest" />
                <testcase name="assertInstance" time="0.000" classname="org.opencm.audit.assertion.instance.InstanceTest" />
                <testcase name="assertInstance" time="0.000" classname="org.opencm.audit.assertion.instance.InstanceTest" />
                <testcase name="assertInstance" time="0.000" classname="org.opencm.audit.assertion.instance.InstanceTest" />
                <testcase name="assertInstance" time="0.000" classname="org.opencm.audit.assertion.instance.InstanceTest" />
                <testcase name="assertInstance" time="0.000" classname="org.opencm.audit.assertion.instance.InstanceTest" />
                <testcase name="assertInstance" time="0.000" classname="org.opencm.audit.assertion.instance.InstanceTest" />
                <testcase name="assertInstance" time="0.000" classname="org.opencm.audit.assertion.instance.InstanceTest" />
                <testcase name="assertInstance" time="0.000" classname="org.opencm.audit.assertion.instance.InstanceTest" />
                <testcase name="assertInstance" time="0.000" classname="org.opencm.audit.assertion.instance.InstanceTest" />
                <testcase name="assertInstance" time="0.000" classname="org.opencm.audit.assertion.instance.InstanceTest" />
                <testcase name="assertInstance" time="0.000" classname="org.opencm.audit.assertion.instance.InstanceTest" />
                <testcase name="assertInstance" time="0.000" classname="org.opencm.audit.assertion.instance.InstanceTest" />
                <testcase name="assertInstance" time="0.000" classname="org.opencm.audit.assertion.instance.InstanceTest" />
                <testcase name="assertInstance" time="0.000" classname="org.opencm.audit.assertion.instance.InstanceTest" />
                <testcase name="assertInstance" time="0.000" classname="org.opencm.audit.assertion.instance.InstanceTest" />
                <testcase name="assertInstance" time="0.000" classname="org.opencm.audit.assertion.instance.InstanceTest" />
                <testcase name="assertInstance" time="0.000" classname="org.opencm.audit.assertion.instance.InstanceTest" />
                <testcase name="assertInstance" time="0.000" classname="org.opencm.audit.assertion.instance.InstanceTest" />
                <testcase name="assertInstance" time="0.000" classname="org.opencm.audit.assertion.instance.InstanceTest" />
                <testcase name="assertInstance" time="0.000" classname="org.opencm.audit.assertion.instance.InstanceTest" />
                <testcase name="assertInstance" time="0.000" classname="org.opencm.audit.assertion.instance.InstanceTest" />
                <testcase name="assertInstance" time="0.000" classname="org.opencm.audit.assertion.instance.InstanceTest" />
                <testcase name="assertInstance" time="0.000" classname="org.opencm.audit.assertion.instance.InstanceTest" />
                <testcase name="assertInstance" time="0.000" classname="org.opencm.audit.assertion.instance.InstanceTest" />
                <testcase name="assertInstance" time="0.000" classname="org.opencm.audit.assertion.instance.InstanceTest" />
                <testcase name="assertInstance" time="0.000" classname="org.opencm.audit.assertion.instance.InstanceTest" />
                <testcase name="assertInstance" time="0.000" classname="org.opencm.audit.assertion.instance.InstanceTest" />
                <testcase name="assertInstance" time="0.000" classname="org.opencm.audit.assertion.instance.InstanceTest" />
                <testcase name="assertInstance" time="0.000" classname="org.opencm.audit.assertion.instance.InstanceTest" />
                <testcase name="assertInstance" time="0.000" classname="org.opencm.audit.assertion.instance.InstanceTest" />
                <testcase name="assertInstance" time="0.000" classname="org.opencm.audit.assertion.instance.InstanceTest" />
                <testcase name="assertInstance" time="0.000" classname="org.opencm.audit.assertion.instance.InstanceTest" />
                <testcase name="assertInstance" time="0.000" classname="org.opencm.audit.assertion.instance.InstanceTest" />
                <testcase name="assertInstance" time="0.000" classname="org.opencm.audit.assertion.instance.InstanceTest" />
                <testcase name="assertInstance" time="0.000" classname="org.opencm.audit.assertion.instance.InstanceTest" />
                <testcase name="assertInstance" time="0.000" classname="org.opencm.audit.assertion.instance.InstanceTest" />
                <testcase name="assertInstance" time="0.000" classname="org.opencm.audit.assertion.instance.InstanceTest" />
                <testcase name="assertInstance" time="0.000" classname="org.opencm.audit.assertion.instance.InstanceTest" />
                <testcase name="assertInstance" time="0.000" classname="org.opencm.audit.assertion.instance.InstanceTest" />
                <testcase name="assertInstance" time="0.000" classname="org.opencm.audit.assertion.instance.InstanceTest" />
                <testcase name="assertInstance" time="0.000" classname="org.opencm.audit.assertion.instance.InstanceTest" />
                <testcase name="assertInstance" time="0.000" classname="org.opencm.audit.assertion.instance.InstanceTest" />
                <testcase name="assertInstance" time="0.000" classname="org.opencm.audit.assertion.instance.InstanceTest" />
                <testcase name="assertInstance" time="0.000" classname="org.opencm.audit.assertion.instance.InstanceTest" />
                <testcase name="assertInstance" time="0.000" classname="org.opencm.audit.assertion.instance.InstanceTest" />
                <testcase name="assertInstance" time="0.000" classname="org.opencm.audit.assertion.instance.InstanceTest" />
                <testcase name="assertInstance" time="0.000" classname="org.opencm.audit.assertion.instance.InstanceTest" />
                <testcase name="assertInstance" time="0.000" classname="org.opencm.audit.assertion.instance.InstanceTest" />
                <testcase name="assertInstance" time="0.000" classname="org.opencm.audit.assertion.instance.InstanceTest" />
                <testcase name="assertInstance" time="0.000" classname="org.opencm.audit.assertion.instance.InstanceTest" />
                <testcase name="assertInstance" time="0.000" classname="org.opencm.audit.assertion.instance.InstanceTest" />
                <testcase name="assertInstance" time="0.000" classname="org.opencm.audit.assertion.instance.InstanceTest" />
                <testcase name="assertInstance" time="0.000" classname="org.opencm.audit.assertion.instance.InstanceTest" />
                <testcase name="assertInstance" time="0.000" classname="org.opencm.audit.assertion.instance.InstanceTest" />
                <testcase name="assertInstance" time="0.000" classname="org.opencm.audit.assertion.instance.InstanceTest" />
                <testcase name="assertInstance" time="0.000" classname="org.opencm.audit.assertion.instance.InstanceTest" />
                <testcase name="assertInstance" time="0.000" classname="org.opencm.audit.assertion.instance.InstanceTest" />
                <testcase name="assertInstance" time="0.000" classname="org.opencm.audit.assertion.instance.InstanceTest" />
                <testcase name="assertInstance" time="0.000" classname="org.opencm.audit.assertion.instance.InstanceTest" />
                <testcase name="assertInstance" time="0.000" classname="org.opencm.audit.assertion.instance.InstanceTest" />
                <testcase name="assertInstance" time="0.000" classname="org.opencm.audit.assertion.instance.InstanceTest" />
                <testcase name="assertInstance" time="0.000" classname="org.opencm.audit.assertion.instance.InstanceTest" />
                <testcase name="assertInstance" time="0.000" classname="org.opencm.audit.assertion.instance.InstanceTest" />
                <testcase name="assertInstance" time="0.000" classname="org.opencm.audit.assertion.instance.InstanceTest" />
                <testcase name="assertInstance" time="0.000" classname="org.opencm.audit.assertion.instance.InstanceTest" />
                <testcase name="assertInstance" time="0.000" classname="org.opencm.audit.assertion.instance.InstanceTest" />
                <testcase name="assertInstance" time="0.000" classname="org.opencm.audit.assertion.instance.InstanceTest" />
                <testcase name="assertInstance" time="0.000" classname="org.opencm.audit.assertion.instance.InstanceTest" />
                <testcase name="assertInstance" time="0.000" classname="org.opencm.audit.assertion.instance.InstanceTest" />
                <testcase name="assertInstance" time="0.000" classname="org.opencm.audit.assertion.instance.InstanceTest" />
                <testcase name="assertInstance" time="0.000" classname="org.opencm.audit.assertion.instance.InstanceTest" />
                <testcase name="assertInstance" time="0.000" classname="org.opencm.audit.assertion.instance.InstanceTest" />
                <testcase name="assertInstance" time="0.000" classname="org.opencm.audit.assertion.instance.InstanceTest" />
                <testcase name="assertInstance" time="0.000" classname="org.opencm.audit.assertion.instance.InstanceTest" />
                <testcase name="assertInstance" time="0.000" classname="org.opencm.audit.assertion.instance.InstanceTest" />
                <testcase name="assertInstance" time="0.000" classname="org.opencm.audit.assertion.instance.InstanceTest" />
                <testcase name="assertInstance" time="0.000" classname="org.opencm.audit.assertion.instance.InstanceTest" />
                <testcase name="assertInstance" time="0.000" classname="org.opencm.audit.assertion.instance.InstanceTest" />
                <testcase name="assertInstance" time="0.000" classname="org.opencm.audit.assertion.instance.InstanceTest" />
                <testcase name="assertInstance" time="0.000" classname="org.opencm.audit.assertion.instance.InstanceTest" />
                <testcase name="assertInstance" time="0.000" classname="org.opencm.audit.assertion.instance.InstanceTest" />
                <testcase name="assertInstance" time="0.000" classname="org.opencm.audit.assertion.instance.InstanceTest" />
                <testcase name="assertInstance" time="0.001" classname="org.opencm.audit.assertion.instance.InstanceTest" />
                <testcase name="assertInstance" time="0.000" classname="org.opencm.audit.assertion.instance.InstanceTest" />
                <testcase name="assertInstance" time="0.000" classname="org.opencm.audit.assertion.instance.InstanceTest" />
                <testcase name="assertInstance" time="0.000" classname="org.opencm.audit.assertion.instance.InstanceTest" />
                <testcase name="assertInstance" time="0.001" classname="org.opencm.audit.assertion.instance.InstanceTest" />
                <testcase name="assertInstance" time="0.000" classname="org.opencm.audit.assertion.instance.InstanceTest" />
                <testcase name="assertInstance" time="0.000" classname="org.opencm.audit.assertion.instance.InstanceTest" />
                <testcase name="assertInstance" time="0.000" classname="org.opencm.audit.assertion.instance.InstanceTest" />
                <testcase name="assertInstance" time="0.000" classname="org.opencm.audit.assertion.instance.InstanceTest" />
                <testcase name="assertInstance" time="0.000" classname="org.opencm.audit.assertion.instance.InstanceTest" />
                <testcase name="assertInstance" time="0.000" classname="org.opencm.audit.assertion.instance.InstanceTest" />
                <testcase name="assertInstance" time="0.000" classname="org.opencm.audit.assertion.instance.InstanceTest" />
                <testcase name="assertInstance" time="0.000" classname="org.opencm.audit.assertion.instance.InstanceTest" />
                <testcase name="assertInstance" time="0.000" classname="org.opencm.audit.assertion.instance.InstanceTest" />
                <testcase name="assertInstance" time="0.000" classname="org.opencm.audit.assertion.instance.InstanceTest" />
                <testcase name="assertInstance" time="0.000" classname="org.opencm.audit.assertion.instance.InstanceTest" />
                <testcase name="assertInstance" time="0.000" classname="org.opencm.audit.assertion.instance.InstanceTest" />
                <testcase name="assertInstance" time="0.000" classname="org.opencm.audit.assertion.instance.InstanceTest" />
                <testcase name="assertInstance" time="0.000" classname="org.opencm.audit.assertion.instance.InstanceTest" />
                <testcase name="assertInstance" time="0.000" classname="org.opencm.audit.assertion.instance.InstanceTest" />
                <testcase name="assertInstance" time="0.000" classname="org.opencm.audit.assertion.instance.InstanceTest" />
                <testcase name="assertInstance" time="0.000" classname="org.opencm.audit.assertion.instance.InstanceTest" />
                <testcase name="assertInstance" time="0.000" classname="org.opencm.audit.assertion.instance.InstanceTest" />
                <testcase name="assertInstance" time="0.000" classname="org.opencm.audit.assertion.instance.InstanceTest" />
                <testcase name="assertInstance" time="0.000" classname="org.opencm.audit.assertion.instance.InstanceTest" />
                <testcase name="assertInstance" time="0.000" classname="org.opencm.audit.assertion.instance.InstanceTest" />
                <testcase name="assertInstance" time="0.000" classname="org.opencm.audit.assertion.instance.InstanceTest" />
                <testcase name="assertInstance" time="0.000" classname="org.opencm.audit.assertion.instance.InstanceTest" />
                <testcase name="assertInstance" time="0.000" classname="org.opencm.audit.assertion.instance.InstanceTest" />
                <testcase name="assertInstance" time="0.000" classname="org.opencm.audit.assertion.instance.InstanceTest" />
                <testcase name="assertInstance" time="0.000" classname="org.opencm.audit.assertion.instance.InstanceTest" />
                <testcase name="assertInstance" time="0.000" classname="org.opencm.audit.assertion.instance.InstanceTest" />
                <testcase name="assertInstance" time="0.000" classname="org.opencm.audit.assertion.instance.InstanceTest" />
                <testcase name="assertInstance" time="0.000" classname="org.opencm.audit.assertion.instance.InstanceTest" />
                <testcase name="assertInstance" time="0.000" classname="org.opencm.audit.assertion.instance.InstanceTest" />
                <testcase name="assertInstance" time="0.000" classname="org.opencm.audit.assertion.instance.InstanceTest" />
                <testcase name="assertInstance" time="0.000" classname="org.opencm.audit.assertion.instance.InstanceTest" />
                <testcase name="assertInstance" time="0.000" classname="org.opencm.audit.assertion.instance.InstanceTest" />
                <testcase name="assertInstance" time="0.001" classname="org.opencm.audit.assertion.instance.InstanceTest" />
                <testcase name="assertInstance" time="0.000" classname="org.opencm.audit.assertion.instance.InstanceTest" />
                <testcase name="assertInstance" time="0.000" classname="org.opencm.audit.assertion.instance.InstanceTest" />
                <testcase name="assertInstance" time="0.000" classname="org.opencm.audit.assertion.instance.InstanceTest" />
                <testcase name="assertInstance" time="0.000" classname="org.opencm.audit.assertion.instance.InstanceTest" />
                <testcase name="assertInstance" time="0.000" classname="org.opencm.audit.assertion.instance.InstanceTest" />
                <testcase name="assertInstance" time="0.000" classname="org.opencm.audit.assertion.instance.InstanceTest" />
                <testcase name="assertInstance" time="0.000" classname="org.opencm.audit.assertion.instance.InstanceTest" />
                <testcase name="assertInstance" time="0.000" classname="org.opencm.audit.assertion.instance.InstanceTest" />
                <testcase name="assertInstance" time="0.000" classname="org.opencm.audit.assertion.instance.InstanceTest" />
                <testcase name="assertInstance" time="0.000" classname="org.opencm.audit.assertion.instance.InstanceTest" />
                <testcase name="assertInstance" time="0.000" classname="org.opencm.audit.assertion.instance.InstanceTest" />
      
</testsuite>
